{"C:\\Users\\Lenovo\\Oral_Assessment\\stack-implementation\\src\\stack.ts": {"path":"C:\\Users\\Lenovo\\Oral_Assessment\\stack-implementation\\src\\stack.ts","statementMap":{"0":{"start":{"line":2,"column":12},"end":{"line":2,"column":28}},"1":{"start":{"line":5,"column":8},"end":{"line":5,"column":30}},"2":{"start":{"line":9,"column":8},"end":{"line":11,"column":9}},"3":{"start":{"line":10,"column":12},"end":{"line":10,"column":29}},"4":{"start":{"line":12,"column":8},"end":{"line":12,"column":32}},"5":{"start":{"line":16,"column":8},"end":{"line":18,"column":9}},"6":{"start":{"line":17,"column":12},"end":{"line":17,"column":29}},"7":{"start":{"line":19,"column":8},"end":{"line":19,"column":49}},"8":{"start":{"line":23,"column":8},"end":{"line":23,"column":39}},"9":{"start":{"line":1,"column":0},"end":{"line":1,"column":13}}},"fnMap":{"0":{"name":"(anonymous_0)","decl":{"start":{"line":1,"column":0},"end":{"line":1,"column":13}},"loc":{"start":{"line":1,"column":0},"end":{"line":25,"column":1}}},"1":{"name":"(anonymous_1)","decl":{"start":{"line":4,"column":4},"end":{"line":4,"column":8}},"loc":{"start":{"line":4,"column":16},"end":{"line":6,"column":5}}},"2":{"name":"(anonymous_2)","decl":{"start":{"line":8,"column":4},"end":{"line":8,"column":7}},"loc":{"start":{"line":8,"column":7},"end":{"line":13,"column":5}}},"3":{"name":"(anonymous_3)","decl":{"start":{"line":15,"column":4},"end":{"line":15,"column":8}},"loc":{"start":{"line":15,"column":8},"end":{"line":20,"column":5}}},"4":{"name":"(anonymous_4)","decl":{"start":{"line":22,"column":4},"end":{"line":22,"column":11}},"loc":{"start":{"line":22,"column":11},"end":{"line":24,"column":5}}}},"branchMap":{"0":{"loc":{"start":{"line":9,"column":8},"end":{"line":11,"column":9}},"type":"if","locations":[{"start":{"line":9,"column":8},"end":{"line":11,"column":9}}]},"1":{"loc":{"start":{"line":16,"column":8},"end":{"line":18,"column":9}},"type":"if","locations":[{"start":{"line":16,"column":8},"end":{"line":18,"column":9}}]}},"s":{"0":7,"1":7,"2":4,"3":1,"4":3,"5":5,"6":1,"7":4,"8":14,"9":1},"f":{"0":7,"1":7,"2":4,"3":5,"4":14},"b":{"0":[1],"1":[1]}}
}
